# JRE version: Java(TM) SE Runtime Environment (21.0.10+8) (build 21.0.10+8-LTS-217)
# Java VM: Java HotSpot(TM) 64-Bit Server VM (21.0.10+8-LTS-217, mixed mode, sharing, tiered, compressed oops, compressed class ptrs, parallel gc, windows-amd64)
GC Precious Log:
 CardTable entry size: 512
 CPUs: 8 total, 8 available
 Memory: 7926M
 Large Page Support: Disabled
 NUMA Support: Disabled
 Compressed Oops: Enabled (32-bit)
 Alignments: Space 512K, Generation 512K, Heap 2M
 Heap Min Capacity: 100M
 Heap Initial Capacity: 100M
 Heap Max Capacity: 2G
 Pre-touch: Disabled
 Parallel Workers: 8
Heap:
 PSYoungGen      total 17920K, used 8539K [0x00000000d5580000, 0x00000000d6b00000, 0x0000000100000000)
  eden space 13824K, 34% used [0x00000000d5580000,0x00000000d5a17e70,0x00000000d6300000)
  from space 4096K, 93% used [0x00000000d6700000,0x00000000d6abefa0,0x00000000d6b00000)
  to   space 4096K, 0% used [0x00000000d6300000,0x00000000d6300000,0x00000000d6700000)
 ParOldGen       total 180736K, used 128914K [0x0000000080000000, 0x000000008b080000, 0x00000000d5580000)
  object space 180736K, 71% used [0x0000000080000000,0x0000000087de4a20,0x000000008b080000)
 Metaspace       used 98758K, committed 100544K, reserved 1179648K
  class space    used 9566K, committed 10368K, reserved 1048576K
GC Heap History (20 events):
Event: 12196.018 GC heap before
{Heap before GC invocations=4360 (full 113):
 PSYoungGen      total 10752K, used 8822K [0x00000000d5580000, 0x00000000d6480000, 0x0000000100000000)
  eden space 5632K, 95% used [0x00000000d5580000,0x00000000d5aba318,0x00000000d5b00000)
  from space 5120K, 67% used [0x00000000d5b00000,0x00000000d5e63800,0x00000000d6000000)
  to   space 4096K, 0% used [0x00000000d6080000,0x00000000d6080000,0x00000000d6480000)
 ParOldGen       total 169984K, used 139925K [0x0000000080000000, 0x000000008a600000, 0x00000000d5580000)
  object space 169984K, 82% used [0x0000000080000000,0x00000000888a56b8,0x000000008a600000)
 Metaspace       used 98754K, committed 100544K, reserved 1179648K
  class space    used 9566K, committed 10368K, reserved 1048576K
}
Event: 12196.023 GC heap after
{Heap after GC invocations=4360 (full 113):
 PSYoungGen      total 11264K, used 3690K [0x00000000d5580000, 0x00000000d6480000, 0x0000000100000000)
  eden space 7168K, 0% used [0x00000000d5580000,0x00000000d5580000,0x00000000d5c80000)
  from space 4096K, 90% used [0x00000000d6080000,0x00000000d641a800,0x00000000d6480000)
  to   space 4096K, 0% used [0x00000000d5c80000,0x00000000d5c80000,0x00000000d6080000)
 ParOldGen       total 169984K, used 143315K [0x0000000080000000, 0x000000008a600000, 0x00000000d5580000)
  object space 169984K, 84% used [0x0000000080000000,0x0000000088bf4d70,0x000000008a600000)
 Metaspace       used 98754K, committed 100544K, reserved 1179648K
  class space    used 9566K, committed 10368K, reserved 1048576K
}
Event: 12196.037 GC heap before
{Heap before GC invocations=4361 (full 113):
 PSYoungGen      total 11264K, used 10858K [0x00000000d5580000, 0x00000000d6480000, 0x0000000100000000)
  eden space 7168K, 100% used [0x00000000d5580000,0x00000000d5c80000,0x00000000d5c80000)
  from space 4096K, 90% used [0x00000000d6080000,0x00000000d641a800,0x00000000d6480000)
  to   space 4096K, 0% used [0x00000000d5c80000,0x00000000d5c80000,0x00000000d6080000)
 ParOldGen       total 169984K, used 143315K [0x0000000080000000, 0x000000008a600000, 0x00000000d5580000)
  object space 169984K, 84% used [0x0000000080000000,0x0000000088bf4d70,0x000000008a600000)
 Metaspace       used 98754K, committed 100544K, reserved 1179648K
  class space    used 9566K, committed 10368K, reserved 1048576K
}
Event: 12196.041 GC heap after
{Heap after GC invocations=4361 (full 113):
 PSYoungGen      total 11264K, used 4079K [0x00000000d5580000, 0x00000000d7200000, 0x0000000100000000)
  eden space 7168K, 0% used [0x00000000d5580000,0x00000000d5580000,0x00000000d5c80000)
  from space 4096K, 99% used [0x00000000d5c80000,0x00000000d607bcb8,0x00000000d6080000)
  to   space 10240K, 0% used [0x00000000d6800000,0x00000000d6800000,0x00000000d7200000)
 ParOldGen       total 169984K, used 148202K [0x0000000080000000, 0x000000008a600000, 0x00000000d5580000)
  object space 169984K, 87% used [0x0000000080000000,0x00000000890baa60,0x000000008a600000)
 Metaspace       used 98754K, committed 100544K, reserved 1179648K
  class space    used 9566K, committed 10368K, reserved 1048576K
}
Event: 12196.059 GC heap before
{Heap before GC invocations=4362 (full 113):
 PSYoungGen      total 11264K, used 11247K [0x00000000d5580000, 0x00000000d7200000, 0x0000000100000000)
  eden space 7168K, 100% used [0x00000000d5580000,0x00000000d5c80000,0x00000000d5c80000)
  from space 4096K, 99% used [0x00000000d5c80000,0x00000000d607bcb8,0x00000000d6080000)
  to   space 10240K, 0% used [0x00000000d6800000,0x00000000d6800000,0x00000000d7200000)
 ParOldGen       total 169984K, used 148202K [0x0000000080000000, 0x000000008a600000, 0x00000000d5580000)
  object space 169984K, 87% used [0x0000000080000000,0x00000000890baa60,0x000000008a600000)
 Metaspace       used 98754K, committed 100544K, reserved 1179648K
  class space    used 9566K, committed 10368K, reserved 1048576K
}
Event: 12196.065 GC heap after
{Heap after GC invocations=4362 (full 113):
 PSYoungGen      total 13824K, used 4832K [0x00000000d5580000, 0x00000000d6d00000, 0x0000000100000000)
  eden space 8704K, 0% used [0x00000000d5580000,0x00000000d5580000,0x00000000d5e00000)
  from space 5120K, 94% used [0x00000000d6800000,0x00000000d6cb8000,0x00000000d6d00000)
  to   space 6656K, 0% used [0x00000000d6000000,0x00000000d6000000,0x00000000d6680000)
 ParOldGen       total 169984K, used 152270K [0x0000000080000000, 0x000000008a600000, 0x00000000d5580000)
  object space 169984K, 89% used [0x0000000080000000,0x00000000894b3aa0,0x000000008a600000)
 Metaspace       used 98754K, committed 100544K, reserved 1179648K
  class space    used 9566K, committed 10368K, reserved 1048576K
}
Event: 12196.089 GC heap before
{Heap before GC invocations=4363 (full 113):
 PSYoungGen      total 13824K, used 13536K [0x00000000d5580000, 0x00000000d6d00000, 0x0000000100000000)
  eden space 8704K, 100% used [0x00000000d5580000,0x00000000d5e00000,0x00000000d5e00000)
  from space 5120K, 94% used [0x00000000d6800000,0x00000000d6cb8000,0x00000000d6d00000)
  to   space 6656K, 0% used [0x00000000d6000000,0x00000000d6000000,0x00000000d6680000)
 ParOldGen       total 169984K, used 152270K [0x0000000080000000, 0x000000008a600000, 0x00000000d5580000)
  object space 169984K, 89% used [0x0000000080000000,0x00000000894b3aa0,0x000000008a600000)
 Metaspace       used 98754K, committed 100544K, reserved 1179648K
  class space    used 9566K, committed 10368K, reserved 1048576K
}
Event: 12196.095 GC heap after
{Heap after GC invocations=4363 (full 113):
 PSYoungGen      total 13312K, used 2920K [0x00000000d5580000, 0x00000000d6880000, 0x0000000100000000)
  eden space 10240K, 0% used [0x00000000d5580000,0x00000000d5580000,0x00000000d5f80000)
  from space 3072K, 95% used [0x00000000d6000000,0x00000000d62da370,0x00000000d6300000)
  to   space 4096K, 0% used [0x00000000d6480000,0x00000000d6480000,0x00000000d6880000)
 ParOldGen       total 169984K, used 157043K [0x0000000080000000, 0x000000008a600000, 0x00000000d5580000)
  object space 169984K, 92% used [0x0000000080000000,0x000000008995cdc8,0x000000008a600000)
 Metaspace       used 98754K, committed 100544K, reserved 1179648K
  class space    used 9566K, committed 10368K, reserved 1048576K
}
Event: 12196.121 GC heap before
{Heap before GC invocations=4364 (full 113):
 PSYoungGen      total 13312K, used 12714K [0x00000000d5580000, 0x00000000d6880000, 0x0000000100000000)
  eden space 10240K, 95% used [0x00000000d5580000,0x00000000d5f10880,0x00000000d5f80000)
  from space 3072K, 95% used [0x00000000d6000000,0x00000000d62da370,0x00000000d6300000)
  to   space 4096K, 0% used [0x00000000d6480000,0x00000000d6480000,0x00000000d6880000)
 ParOldGen       total 193536K, used 187763K [0x0000000080000000, 0x000000008bd00000, 0x00000000d5580000)
  object space 193536K, 97% used [0x0000000080000000,0x000000008b75cdf8,0x000000008bd00000)
 Metaspace       used 98754K, committed 100544K, reserved 1179648K
  class space    used 9566K, committed 10368K, reserved 1048576K
}
Event: 12196.125 GC heap after
{Heap after GC invocations=4364 (full 113):
 PSYoungGen      total 14848K, used 2692K [0x00000000d5580000, 0x00000000d6780000, 0x0000000100000000)
  eden space 11776K, 0% used [0x00000000d5580000,0x00000000d5580000,0x00000000d6100000)
  from space 3072K, 87% used [0x00000000d6480000,0x00000000d6721210,0x00000000d6780000)
  to   space 3072K, 0% used [0x00000000d6180000,0x00000000d6180000,0x00000000d6480000)
 ParOldGen       total 193536K, used 189652K [0x0000000080000000, 0x000000008bd00000, 0x00000000d5580000)
  object space 193536K, 97% used [0x0000000080000000,0x000000008b935120,0x000000008bd00000)
 Metaspace       used 98754K, committed 100544K, reserved 1179648K
  class space    used 9566K, committed 10368K, reserved 1048576K
}
Event: 12196.178 GC heap before
{Heap before GC invocations=4365 (full 113):
 PSYoungGen      total 14848K, used 14468K [0x00000000d5580000, 0x00000000d6780000, 0x0000000100000000)
  eden space 11776K, 100% used [0x00000000d5580000,0x00000000d6100000,0x00000000d6100000)
  from space 3072K, 87% used [0x00000000d6480000,0x00000000d6721210,0x00000000d6780000)
  to   space 3072K, 0% used [0x00000000d6180000,0x00000000d6180000,0x00000000d6480000)
 ParOldGen       total 193536K, used 189652K [0x0000000080000000, 0x000000008bd00000, 0x00000000d5580000)
  object space 193536K, 97% used [0x0000000080000000,0x000000008b935120,0x000000008bd00000)
 Metaspace       used 98758K, committed 100544K, reserved 1179648K
  class space    used 9566K, committed 10368K, reserved 1048576K
}
Event: 12196.182 GC heap after
{Heap after GC invocations=4365 (full 113):
 PSYoungGen      total 15360K, used 2857K [0x00000000d5580000, 0x00000000d6900000, 0x0000000100000000)
  eden space 12288K, 0% used [0x00000000d5580000,0x00000000d5580000,0x00000000d6180000)
  from space 3072K, 93% used [0x00000000d6180000,0x00000000d644a458,0x00000000d6480000)
  to   space 3072K, 0% used [0x00000000d6600000,0x00000000d6600000,0x00000000d6900000)
 ParOldGen       total 193536K, used 192142K [0x0000000080000000, 0x000000008bd00000, 0x00000000d5580000)
  object space 193536K, 99% used [0x0000000080000000,0x000000008bba3818,0x000000008bd00000)
 Metaspace       used 98758K, committed 100544K, reserved 1179648K
  class space    used 9566K, committed 10368K, reserved 1048576K
}
Event: 12196.182 GC heap before
{Heap before GC invocations=4366 (full 114):
 PSYoungGen      total 15360K, used 2857K [0x00000000d5580000, 0x00000000d6900000, 0x0000000100000000)
  eden space 12288K, 0% used [0x00000000d5580000,0x00000000d5580000,0x00000000d6180000)
  from space 3072K, 93% used [0x00000000d6180000,0x00000000d644a458,0x00000000d6480000)
  to   space 3072K, 0% used [0x00000000d6600000,0x00000000d6600000,0x00000000d6900000)
 ParOldGen       total 193536K, used 192142K [0x0000000080000000, 0x000000008bd00000, 0x00000000d5580000)
  object space 193536K, 99% used [0x0000000080000000,0x000000008bba3818,0x000000008bd00000)
 Metaspace       used 98758K, committed 100544K, reserved 1179648K
  class space    used 9566K, committed 10368K, reserved 1048576K
}
Event: 12196.292 GC heap after
{Heap after GC invocations=4366 (full 114):
 PSYoungGen      total 16896K, used 0K [0x00000000d5580000, 0x00000000d6980000, 0x0000000100000000)
  eden space 13824K, 0% used [0x00000000d5580000,0x00000000d5580000,0x00000000d6300000)
  from space 3072K, 0% used [0x00000000d6600000,0x00000000d6600000,0x00000000d6900000)
  to   space 3072K, 0% used [0x00000000d6300000,0x00000000d6300000,0x00000000d6600000)
 ParOldGen       total 180736K, used 117969K [0x0000000080000000, 0x000000008b080000, 0x00000000d5580000)
  object space 180736K, 65% used [0x0000000080000000,0x0000000087334508,0x000000008b080000)
 Metaspace       used 98758K, committed 100544K, reserved 1179648K
  class space    used 9566K, committed 10368K, reserved 1048576K
}
Event: 12196.348 GC heap before
{Heap before GC invocations=4367 (full 114):
 PSYoungGen      total 16896K, used 13824K [0x00000000d5580000, 0x00000000d6980000, 0x0000000100000000)
  eden space 13824K, 100% used [0x00000000d5580000,0x00000000d6300000,0x00000000d6300000)
  from space 3072K, 0% used [0x00000000d6600000,0x00000000d6600000,0x00000000d6900000)
  to   space 3072K, 0% used [0x00000000d6300000,0x00000000d6300000,0x00000000d6600000)
 ParOldGen       total 180736K, used 117969K [0x0000000080000000, 0x000000008b080000, 0x00000000d5580000)
  object space 180736K, 65% used [0x0000000080000000,0x0000000087334508,0x000000008b080000)
 Metaspace       used 98758K, committed 100544K, reserved 1179648K
  class space    used 9566K, committed 10368K, reserved 1048576K
}
Event: 12196.351 GC heap after
{Heap after GC invocations=4367 (full 114):
 PSYoungGen      total 16896K, used 3042K [0x00000000d5580000, 0x00000000d6b00000, 0x0000000100000000)
  eden space 13824K, 0% used [0x00000000d5580000,0x00000000d5580000,0x00000000d6300000)
  from space 3072K, 99% used [0x00000000d6300000,0x00000000d65f89b0,0x00000000d6600000)
  to   space 4096K, 0% used [0x00000000d6700000,0x00000000d6700000,0x00000000d6b00000)
 ParOldGen       total 180736K, used 118497K [0x0000000080000000, 0x000000008b080000, 0x00000000d5580000)
  object space 180736K, 65% used [0x0000000080000000,0x00000000873b8518,0x000000008b080000)
 Metaspace       used 98758K, committed 100544K, reserved 1179648K
  class space    used 9566K, committed 10368K, reserved 1048576K
}
Event: 12196.418 GC heap before
{Heap before GC invocations=4368 (full 114):
 PSYoungGen      total 16896K, used 16866K [0x00000000d5580000, 0x00000000d6b00000, 0x0000000100000000)
  eden space 13824K, 100% used [0x00000000d5580000,0x00000000d6300000,0x00000000d6300000)
  from space 3072K, 99% used [0x00000000d6300000,0x00000000d65f89b0,0x00000000d6600000)
  to   space 4096K, 0% used [0x00000000d6700000,0x00000000d6700000,0x00000000d6b00000)
 ParOldGen       total 180736K, used 118497K [0x0000000080000000, 0x000000008b080000, 0x00000000d5580000)
  object space 180736K, 65% used [0x0000000080000000,0x00000000873b8518,0x000000008b080000)
 Metaspace       used 98758K, committed 100544K, reserved 1179648K
  class space    used 9566K, committed 10368K, reserved 1048576K
}
Event: 12196.423 GC heap after
{Heap after GC invocations=4368 (full 114):
 PSYoungGen      total 17920K, used 3914K [0x00000000d5580000, 0x00000000d6b00000, 0x0000000100000000)
  eden space 13824K, 0% used [0x00000000d5580000,0x00000000d5580000,0x00000000d6300000)
  from space 4096K, 95% used [0x00000000d6700000,0x00000000d6ad2b00,0x00000000d6b00000)
  to   space 4096K, 0% used [0x00000000d6300000,0x00000000d6300000,0x00000000d6700000)
 ParOldGen       total 180736K, used 121479K [0x0000000080000000, 0x000000008b080000, 0x00000000d5580000)
  object space 180736K, 67% used [0x0000000080000000,0x00000000876a1c68,0x000000008b080000)
 Metaspace       used 98758K, committed 100544K, reserved 1179648K
  class space    used 9566K, committed 10368K, reserved 1048576K
}
Event: 12196.501 GC heap before
{Heap before GC invocations=4369 (full 114):
 PSYoungGen      total 17920K, used 17651K [0x00000000d5580000, 0x00000000d6b00000, 0x0000000100000000)
  eden space 13824K, 99% used [0x00000000d5580000,0x00000000d62ea198,0x00000000d6300000)
  from space 4096K, 95% used [0x00000000d6700000,0x00000000d6ad2b00,0x00000000d6b00000)
  to   space 4096K, 0% used [0x00000000d6300000,0x00000000d6300000,0x00000000d6700000)
 ParOldGen       total 180736K, used 121479K [0x0000000080000000, 0x000000008b080000, 0x00000000d5580000)
  object space 180736K, 67% used [0x0000000080000000,0x00000000876a1c68,0x000000008b080000)
 Metaspace       used 98758K, committed 100544K, reserved 1179648K
  class space    used 9566K, committed 10368K, reserved 1048576K
}
Event: 12196.507 GC heap after
{Heap after GC invocations=4369 (full 114):
 PSYoungGen      total 17920K, used 3790K [0x00000000d5580000, 0x00000000d6b00000, 0x0000000100000000)
  eden space 13824K, 0% used [0x00000000d5580000,0x00000000d5580000,0x00000000d6300000)
  from space 4096K, 92% used [0x00000000d6300000,0x00000000d66b39e8,0x00000000d6700000)
  to   space 4096K, 0% used [0x00000000d6700000,0x00000000d6700000,0x00000000d6b00000)
 ParOldGen       total 180736K, used 125307K [0x0000000080000000, 0x000000008b080000, 0x00000000d5580000)
  object space 180736K, 69% used [0x0000000080000000,0x0000000087a5ee40,0x000000008b080000)
 Metaspace       used 98758K, committed 100544K, reserved 1179648K
  class space    used 9566K, committed 10368K, reserved 1048576K
}

